<?xml version="1.0" encoding="UTF-8"?>
<!-- Generated by org.testng.reporters.JUnitReportReporter -->
<testsuite skipped="0" hostname="AcerNitro-5" name="appTest.AppTest" tests="2" failures="0" timestamp="13 Oct 2021 07:29:03 GMT" time="0.010" errors="0">
  <testcase name="loginTest" time="0.009" classname="appTest.AppTest"/>
  <testcase name="loginTestWithInvalid" time="0.001" classname="appTest.AppTest"/>
</testsuite> <!-- appTest.AppTest -->
