<?xml version="1.0" encoding="UTF-8"?>
<!-- Generated by org.testng.reporters.JUnitReportReporter -->
<testsuite skipped="0" hostname="AcerNitro-5" name="appTest.SeleniumDev" tests="1" failures="0" timestamp="13 Oct 2021 09:42:42 GMT" time="1.120" errors="0">
  <testcase name="titleTest" time="1.120" classname="appTest.SeleniumDev"/>
</testsuite> <!-- appTest.SeleniumDev -->
