<?xml version="1.0" encoding="UTF-8"?>
<!-- Generated by org.testng.reporters.JUnitReportReporter -->
<testsuite skipped="0" hostname="AcerNitro-5" name="appTest.NumberComparision" tests="1" failures="0" timestamp="13 Oct 2021 09:42:42 GMT" time="0.001" errors="0">
  <testcase name="intComparision" time="0.001" classname="appTest.NumberComparision"/>
</testsuite> <!-- appTest.NumberComparision -->
