<?xml version="1.0" encoding="UTF-8"?>
<!-- Generated by org.testng.reporters.JUnitReportReporter -->
<testsuite skipped="0" hostname="AcerNitro-5" name="appTest.AppTest" tests="4" failures="0" timestamp="13 Oct 2021 09:42:42 GMT" time="0.007" errors="0">
  <testcase name="loginTest" time="0.007" classname="appTest.AppTest"/>
  <testcase name="loginTestWithInvalid" time="0.000" classname="appTest.AppTest"/>
  <testcase name="loginTest" time="0.000" classname="appTest.AppTest"/>
  <testcase name="loginTestWithInvalid" time="0.000" classname="appTest.AppTest"/>
</testsuite> <!-- appTest.AppTest -->
